{
  "RSpec": {
    "coverage": {
      "/Users/nyamadorig/github/rekimei/app/models/account.rb": [
        1,
        1,
        1,
        null,
        1,
        1,
        1,
        null,
        1,
        1,
        null,
        1,
        1,
        1,
        null,
        null,
        1,
        null,
        1,
        24,
        null,
        null,
        1,
        null,
        1,
        2,
        null,
        1,
        null,
        null,
        null,
        null,
        null,
        null,
        1,
        1,
        null,
        null
      ],
      "/Users/nyamadorig/github/rekimei/app/models/application_record.rb": [
        1,
        1,
        null
      ],
      "/Users/nyamadorig/github/rekimei/app/models/session.rb": [
        1,
        1,
        null,
        1,
        null,
        1,
        1,
        1,
        1,
        null,
        null,
        5,
        null,
        1,
        4,
        null,
        4,
        3,
        null,
        3,
        2,
        null,
        null,
        null,
        null,
        null,
        1,
        null,
        null,
        null,
        1,
        12,
        null,
        null
      ],
      "/Users/nyamadorig/github/rekimei/app/models/group.rb": [
        1,
        1,
        1,
        null,
        1,
        null,
        1,
        1,
        null,
        1,
        0,
        null,
        null,
        1,
        0,
        null,
        null
      ],
      "/Users/nyamadorig/github/rekimei/app/models/member.rb": [
        1,
        1,
        1,
        1,
        1,
        null
      ],
      "/Users/nyamadorig/github/rekimei/app/channels/application_cable/channel.rb": [
        0,
        0,
        0,
        0
      ],
      "/Users/nyamadorig/github/rekimei/app/channels/application_cable/connection.rb": [
        0,
        0,
        0,
        0
      ],
      "/Users/nyamadorig/github/rekimei/app/controllers/accounts_controller.rb": [
        0,
        0,
        0,
        0,
        0,
        0,
        0,
        0,
        0,
        0,
        0,
        0,
        0,
        0,
        0,
        0,
        0,
        0,
        0,
        0,
        0,
        0,
        0,
        0,
        0
      ],
      "/Users/nyamadorig/github/rekimei/app/controllers/application_controller.rb": [
        0,
        0,
        0,
        0,
        0,
        0,
        0,
        0,
        0,
        0,
        0,
        0
      ],
      "/Users/nyamadorig/github/rekimei/app/controllers/concerns/Authentication.rb": [
        0,
        0,
        0,
        0,
        0,
        0,
        0,
        0,
        0,
        0,
        0,
        0,
        0,
        0,
        0,
        0,
        0,
        0,
        0,
        0,
        0,
        0,
        0,
        0,
        0,
        0,
        0,
        0,
        0,
        0,
        0,
        0,
        0,
        0,
        0,
        0,
        0,
        0,
        0,
        0,
        0,
        0,
        0,
        0,
        0,
        0,
        0,
        0,
        0,
        0,
        0,
        0,
        0,
        0,
        0,
        0,
        0,
        0,
        0,
        0,
        0,
        0,
        0,
        0,
        0,
        0,
        0,
        0,
        0,
        0,
        0,
        0,
        0,
        0,
        0,
        0,
        0,
        0,
        0,
        0,
        0,
        0,
        0,
        0,
        0,
        0,
        0,
        0,
        0,
        0,
        0,
        0,
        0,
        0,
        0,
        0,
        0,
        0,
        0,
        0,
        0,
        0,
        0,
        0,
        0
      ],
      "/Users/nyamadorig/github/rekimei/app/controllers/groups_controller.rb": [
        0,
        0,
        0,
        0,
        0,
        0,
        0,
        0,
        0,
        0,
        0,
        0,
        0,
        0,
        0,
        0,
        0,
        0,
        0,
        0,
        0,
        0,
        0,
        0,
        0,
        0
      ],
      "/Users/nyamadorig/github/rekimei/app/controllers/members_controller.rb": [
        0,
        0,
        0,
        0,
        0,
        0,
        0,
        0,
        0,
        0,
        0,
        0,
        0,
        0,
        0,
        0,
        0,
        0,
        0,
        0,
        0,
        0,
        0,
        0,
        0,
        0,
        0,
        0,
        0,
        0,
        0,
        0,
        0,
        0,
        0,
        0,
        0,
        0,
        0,
        0,
        0,
        0,
        0,
        0,
        0,
        0,
        0
      ],
      "/Users/nyamadorig/github/rekimei/app/controllers/sessions_controller.rb": [
        0,
        0,
        0,
        0,
        0,
        0,
        0,
        0,
        0,
        0,
        0,
        0,
        0,
        0,
        0,
        0,
        0,
        0,
        0,
        0,
        0,
        0,
        0,
        0,
        0,
        0,
        0,
        0,
        0,
        0,
        0,
        0
      ],
      "/Users/nyamadorig/github/rekimei/app/helpers/application_helper.rb": [
        0,
        0
      ],
      "/Users/nyamadorig/github/rekimei/app/helpers/sessions_helper.rb": [
        0,
        0
      ],
      "/Users/nyamadorig/github/rekimei/app/jobs/application_job.rb": [
        0,
        0
      ],
      "/Users/nyamadorig/github/rekimei/app/mailers/application_mailer.rb": [
        0,
        0,
        0,
        0
      ],
      "/Users/nyamadorig/github/rekimei/app/models/profile.rb": [
        0,
        0,
        0
      ]
    },
    "timestamp": 1481842294
  }
}
